# JRE version: OpenJDK Runtime Environment (8.0_242-b01) (build 1.8.0_242-release-1644-b01)
# Java VM: OpenJDK 64-Bit Server VM (25.242-b01 mixed mode windows-amd64 compressed oops)
Heap:
 PSYoungGen      total 215040K, used 40524K [0x00000000d5580000, 0x00000000e6700000, 0x0000000100000000)
  eden space 193024K, 9% used [0x00000000d5580000,0x00000000d6799828,0x00000000e1200000)
  from space 22016K, 99% used [0x00000000e3500000,0x00000000e4a79828,0x00000000e4a80000)
  to   space 35840K, 0% used [0x00000000e1200000,0x00000000e1200000,0x00000000e3500000)
 ParOldGen       total 130560K, used 62045K [0x0000000080000000, 0x0000000087f80000, 0x00000000d5580000)
  object space 130560K, 47% used [0x0000000080000000,0x0000000083c97790,0x0000000087f80000)
 Metaspace       used 75128K, capacity 78782K, committed 79016K, reserved 1118208K
  class space    used 10439K, capacity 11140K, committed 11184K, reserved 1048576K
GC Heap History (10 events):
Event: 7.773 GC heap before
{Heap before GC invocations=13 (full 2):
 PSYoungGen      total 144896K, used 144889K [0x00000000d5580000, 0x00000000dfb00000, 0x0000000100000000)
  eden space 133120K, 100% used [0x00000000d5580000,0x00000000dd780000,0x00000000dd780000)
  from space 11776K, 99% used [0x00000000def80000,0x00000000dfafe770,0x00000000dfb00000)
  to   space 13312K, 0% used [0x00000000de100000,0x00000000de100000,0x00000000dee00000)
 ParOldGen       total 86016K, used 15618K [0x0000000080000000, 0x0000000085400000, 0x00000000d5580000)
  object space 86016K, 18% used [0x0000000080000000,0x0000000080f40b60,0x0000000085400000)
 Metaspace       used 54414K, capacity 56410K, committed 56616K, reserved 1097728K
  class space    used 7411K, capacity 7906K, committed 7984K, reserved 1048576K
Event: 7.793 GC heap after
Heap after GC invocations=13 (full 2):
 PSYoungGen      total 156160K, used 13286K [0x00000000d5580000, 0x00000000e1e80000, 0x0000000100000000)
  eden space 142848K, 0% used [0x00000000d5580000,0x00000000d5580000,0x00000000de100000)
  from space 13312K, 99% used [0x00000000de100000,0x00000000dedf9800,0x00000000dee00000)
  to   space 17920K, 0% used [0x00000000e0d00000,0x00000000e0d00000,0x00000000e1e80000)
 ParOldGen       total 86016K, used 24387K [0x0000000080000000, 0x0000000085400000, 0x00000000d5580000)
  object space 86016K, 28% used [0x0000000080000000,0x00000000817d0e88,0x0000000085400000)
 Metaspace       used 54414K, capacity 56410K, committed 56616K, reserved 1097728K
  class space    used 7411K, capacity 7906K, committed 7984K, reserved 1048576K
}
Event: 8.247 GC heap before
{Heap before GC invocations=14 (full 2):
 PSYoungGen      total 156160K, used 46625K [0x00000000d5580000, 0x00000000e1e80000, 0x0000000100000000)
  eden space 142848K, 23% used [0x00000000d5580000,0x00000000d760ee50,0x00000000de100000)
  from space 13312K, 99% used [0x00000000de100000,0x00000000dedf9800,0x00000000dee00000)
  to   space 17920K, 0% used [0x00000000e0d00000,0x00000000e0d00000,0x00000000e1e80000)
 ParOldGen       total 86016K, used 24387K [0x0000000080000000, 0x0000000085400000, 0x00000000d5580000)
  object space 86016K, 28% used [0x0000000080000000,0x00000000817d0e88,0x0000000085400000)
 Metaspace       used 56995K, capacity 59048K, committed 59160K, reserved 1099776K
  class space    used 7807K, capacity 8277K, committed 8368K, reserved 1048576K
Event: 8.262 GC heap after
Heap after GC invocations=14 (full 2):
 PSYoungGen      total 187904K, used 3230K [0x00000000d5580000, 0x00000000e2d80000, 0x0000000100000000)
  eden space 169984K, 0% used [0x00000000d5580000,0x00000000d5580000,0x00000000dfb80000)
  from space 17920K, 18% used [0x00000000e0d00000,0x00000000e1027ac8,0x00000000e1e80000)
  to   space 17920K, 0% used [0x00000000dfb80000,0x00000000dfb80000,0x00000000e0d00000)
 ParOldGen       total 86016K, used 33556K [0x0000000080000000, 0x0000000085400000, 0x00000000d5580000)
  object space 86016K, 39% used [0x0000000080000000,0x00000000820c53e0,0x0000000085400000)
 Metaspace       used 56995K, capacity 59048K, committed 59160K, reserved 1099776K
  class space    used 7807K, capacity 8277K, committed 8368K, reserved 1048576K
}
Event: 8.262 GC heap before
{Heap before GC invocations=15 (full 3):
 PSYoungGen      total 187904K, used 3230K [0x00000000d5580000, 0x00000000e2d80000, 0x0000000100000000)
  eden space 169984K, 0% used [0x00000000d5580000,0x00000000d5580000,0x00000000dfb80000)
  from space 17920K, 18% used [0x00000000e0d00000,0x00000000e1027ac8,0x00000000e1e80000)
  to   space 17920K, 0% used [0x00000000dfb80000,0x00000000dfb80000,0x00000000e0d00000)
 ParOldGen       total 86016K, used 33556K [0x0000000080000000, 0x0000000085400000, 0x00000000d5580000)
  object space 86016K, 39% used [0x0000000080000000,0x00000000820c53e0,0x0000000085400000)
 Metaspace       used 56995K, capacity 59048K, committed 59160K, reserved 1099776K
  class space    used 7807K, capacity 8277K, committed 8368K, reserved 1048576K
Event: 8.475 GC heap after
Heap after GC invocations=15 (full 3):
 PSYoungGen      total 187904K, used 0K [0x00000000d5580000, 0x00000000e2d80000, 0x0000000100000000)
  eden space 169984K, 0% used [0x00000000d5580000,0x00000000d5580000,0x00000000dfb80000)
  from space 17920K, 0% used [0x00000000e0d00000,0x00000000e0d00000,0x00000000e1e80000)
  to   space 17920K, 0% used [0x00000000dfb80000,0x00000000dfb80000,0x00000000e0d00000)
 ParOldGen       total 130560K, used 29867K [0x0000000080000000, 0x0000000087f80000, 0x00000000d5580000)
  object space 130560K, 22% used [0x0000000080000000,0x0000000081d2ad60,0x0000000087f80000)
 Metaspace       used 56985K, capacity 59012K, committed 59160K, reserved 1099776K
  class space    used 7804K, capacity 8271K, committed 8368K, reserved 1048576K
}
Event: 11.068 GC heap before
{Heap before GC invocations=16 (full 3):
 PSYoungGen      total 187904K, used 169984K [0x00000000d5580000, 0x00000000e2d80000, 0x0000000100000000)
  eden space 169984K, 100% used [0x00000000d5580000,0x00000000dfb80000,0x00000000dfb80000)
  from space 17920K, 0% used [0x00000000e0d00000,0x00000000e0d00000,0x00000000e1e80000)
  to   space 17920K, 0% used [0x00000000dfb80000,0x00000000dfb80000,0x00000000e0d00000)
 ParOldGen       total 130560K, used 29867K [0x0000000080000000, 0x0000000087f80000, 0x00000000d5580000)
  object space 130560K, 22% used [0x0000000080000000,0x0000000081d2ad60,0x0000000087f80000)
 Metaspace       used 66113K, capacity 69012K, committed 69160K, reserved 1107968K
  class space    used 9099K, capacity 9711K, committed 9776K, reserved 1048576K
Event: 11.102 GC heap after
Heap after GC invocations=16 (full 3):
 PSYoungGen      total 187904K, used 17902K [0x00000000d5580000, 0x00000000e4a80000, 0x0000000100000000)
  eden space 169984K, 0% used [0x00000000d5580000,0x00000000d5580000,0x00000000dfb80000)
  from space 17920K, 99% used [0x00000000dfb80000,0x00000000e0cfbbe8,0x00000000e0d00000)
  to   space 22016K, 0% used [0x00000000e3500000,0x00000000e3500000,0x00000000e4a80000)
 ParOldGen       total 130560K, used 32955K [0x0000000080000000, 0x0000000087f80000, 0x00000000d5580000)
  object space 130560K, 25% used [0x0000000080000000,0x000000008202ec40,0x0000000087f80000)
 Metaspace       used 66113K, capacity 69012K, committed 69160K, reserved 1107968K
  class space    used 9099K, capacity 9711K, committed 9776K, reserved 1048576K
}
Event: 13.584 GC heap before
{Heap before GC invocations=17 (full 3):
 PSYoungGen      total 187904K, used 186879K [0x00000000d5580000, 0x00000000e4a80000, 0x0000000100000000)
  eden space 169984K, 99% used [0x00000000d5580000,0x00000000dfa84100,0x00000000dfb80000)
  from space 17920K, 99% used [0x00000000dfb80000,0x00000000e0cfbbe8,0x00000000e0d00000)
  to   space 22016K, 0% used [0x00000000e3500000,0x00000000e3500000,0x00000000e4a80000)
 ParOldGen       total 130560K, used 32955K [0x0000000080000000, 0x0000000087f80000, 0x00000000d5580000)
  object space 130560K, 25% used [0x0000000080000000,0x000000008202ec40,0x0000000087f80000)
 Metaspace       used 75002K, capacity 78648K, committed 78760K, reserved 1116160K
  class space    used 10436K, capacity 11139K, committed 11184K, reserved 1048576K
Event: 13.645 GC heap after
Heap after GC invocations=17 (full 3):
 PSYoungGen      total 215040K, used 21990K [0x00000000d5580000, 0x00000000e6700000, 0x0000000100000000)
  eden space 193024K, 0% used [0x00000000d5580000,0x00000000d5580000,0x00000000e1200000)
  from space 22016K, 99% used [0x00000000e3500000,0x00000000e4a79828,0x00000000e4a80000)
  to   space 35840K, 0% used [0x00000000e1200000,0x00000000e1200000,0x00000000e3500000)
 ParOldGen       total 130560K, used 62045K [0x0000000080000000, 0x0000000087f80000, 0x00000000d5580000)
  object space 130560K, 47% used [0x0000000080000000,0x0000000083c97790,0x0000000087f80000)
 Metaspace       used 75002K, capacity 78648K, committed 78760K, reserved 1116160K
  class space    used 10436K, capacity 11139K, committed 11184K, reserved 1048576K
}

