# JRE version: OpenJDK Runtime Environment (8.0_242-b01) (build 1.8.0_242-release-1644-b01)
# Java VM: OpenJDK 64-Bit Server VM (25.242-b01 mixed mode windows-amd64 compressed oops)
Heap:
 PSYoungGen      total 272384K, used 76088K [0x00000000d5580000, 0x00000000e8880000, 0x0000000100000000)
  eden space 240640K, 31% used [0x00000000d5580000,0x00000000d9fce2d0,0x00000000e4080000)
  from space 31744K, 0% used [0x00000000e6980000,0x00000000e6980000,0x00000000e8880000)
  to   space 36864K, 0% used [0x00000000e4080000,0x00000000e4080000,0x00000000e6480000)
 ParOldGen       total 216064K, used 57730K [0x0000000080000000, 0x000000008d300000, 0x00000000d5580000)
  object space 216064K, 26% used [0x0000000080000000,0x0000000083860958,0x000000008d300000)
 Metaspace       used 93204K, capacity 97674K, committed 98600K, reserved 1134592K
  class space    used 12256K, capacity 13138K, committed 13360K, reserved 1048576K
GC Heap History (10 events):
Event: 297.335 GC heap before
{Heap before GC invocations=18 (full 3):
 PSYoungGen      total 214528K, used 214520K [0x00000000d5580000, 0x00000000e4500000, 0x0000000100000000)
  eden space 195584K, 100% used [0x00000000d5580000,0x00000000e1480000,0x00000000e1480000)
  from space 18944K, 99% used [0x00000000e2c80000,0x00000000e3efe020,0x00000000e3f00000)
  to   space 24576K, 0% used [0x00000000e1480000,0x00000000e1480000,0x00000000e2c80000)
 ParOldGen       total 134144K, used 37499K [0x0000000080000000, 0x0000000088300000, 0x00000000d5580000)
  object space 134144K, 27% used [0x0000000080000000,0x000000008249ec28,0x0000000088300000)
 Metaspace       used 73424K, capacity 77022K, committed 77096K, reserved 1116160K
  class space    used 9782K, capacity 10492K, committed 10544K, reserved 1048576K
Event: 297.359 GC heap after
Heap after GC invocations=18 (full 3):
 PSYoungGen      total 220160K, used 9332K [0x00000000d5580000, 0x00000000e5f80000, 0x0000000100000000)
  eden space 195584K, 0% used [0x00000000d5580000,0x00000000d5580000,0x00000000e1480000)
  from space 24576K, 37% used [0x00000000e1480000,0x00000000e1d9d2c8,0x00000000e2c80000)
  to   space 23552K, 0% used [0x00000000e4880000,0x00000000e4880000,0x00000000e5f80000)
 ParOldGen       total 134144K, used 54563K [0x0000000080000000, 0x0000000088300000, 0x00000000d5580000)
  object space 134144K, 40% used [0x0000000080000000,0x0000000083548c80,0x0000000088300000)
 Metaspace       used 73424K, capacity 77022K, committed 77096K, reserved 1116160K
  class space    used 9782K, capacity 10492K, committed 10544K, reserved 1048576K
}
Event: 301.538 GC heap before
{Heap before GC invocations=19 (full 3):
 PSYoungGen      total 220160K, used 204916K [0x00000000d5580000, 0x00000000e5f80000, 0x0000000100000000)
  eden space 195584K, 100% used [0x00000000d5580000,0x00000000e1480000,0x00000000e1480000)
  from space 24576K, 37% used [0x00000000e1480000,0x00000000e1d9d2c8,0x00000000e2c80000)
  to   space 23552K, 0% used [0x00000000e4880000,0x00000000e4880000,0x00000000e5f80000)
 ParOldGen       total 134144K, used 54563K [0x0000000080000000, 0x0000000088300000, 0x00000000d5580000)
  object space 134144K, 40% used [0x0000000080000000,0x0000000083548c80,0x0000000088300000)
 Metaspace       used 77689K, capacity 81632K, committed 81704K, reserved 1120256K
  class space    used 10195K, capacity 10989K, committed 11056K, reserved 1048576K
Event: 301.551 GC heap after
Heap after GC invocations=19 (full 3):
 PSYoungGen      total 239616K, used 14757K [0x00000000d5580000, 0x00000000e5b00000, 0x0000000100000000)
  eden space 220672K, 0% used [0x00000000d5580000,0x00000000d5580000,0x00000000e2d00000)
  from space 18944K, 77% used [0x00000000e4880000,0x00000000e56e94b0,0x00000000e5b00000)
  to   space 23552K, 0% used [0x00000000e2d00000,0x00000000e2d00000,0x00000000e4400000)
 ParOldGen       total 134144K, used 54563K [0x0000000080000000, 0x0000000088300000, 0x00000000d5580000)
  object space 134144K, 40% used [0x0000000080000000,0x0000000083548c80,0x0000000088300000)
 Metaspace       used 77689K, capacity 81632K, committed 81704K, reserved 1120256K
  class space    used 10195K, capacity 10989K, committed 11056K, reserved 1048576K
}
Event: 304.081 GC heap before
{Heap before GC invocations=20 (full 3):
 PSYoungGen      total 239616K, used 235429K [0x00000000d5580000, 0x00000000e5b00000, 0x0000000100000000)
  eden space 220672K, 100% used [0x00000000d5580000,0x00000000e2d00000,0x00000000e2d00000)
  from space 18944K, 77% used [0x00000000e4880000,0x00000000e56e94b0,0x00000000e5b00000)
  to   space 23552K, 0% used [0x00000000e2d00000,0x00000000e2d00000,0x00000000e4400000)
 ParOldGen       total 134144K, used 54563K [0x0000000080000000, 0x0000000088300000, 0x00000000d5580000)
  object space 134144K, 40% used [0x0000000080000000,0x0000000083548c80,0x0000000088300000)
 Metaspace       used 91751K, capacity 96656K, committed 96808K, reserved 1132544K
  class space    used 12124K, capacity 13041K, committed 13104K, reserved 1048576K
Event: 304.160 GC heap after
Heap after GC invocations=20 (full 3):
 PSYoungGen      total 244224K, used 23536K [0x00000000d5580000, 0x00000000e8e00000, 0x0000000100000000)
  eden space 220672K, 0% used [0x00000000d5580000,0x00000000d5580000,0x00000000e2d00000)
  from space 23552K, 99% used [0x00000000e2d00000,0x00000000e43fc1f0,0x00000000e4400000)
  to   space 37376K, 0% used [0x00000000e6980000,0x00000000e6980000,0x00000000e8e00000)
 ParOldGen       total 134144K, used 82977K [0x0000000080000000, 0x0000000088300000, 0x00000000d5580000)
  object space 134144K, 61% used [0x0000000080000000,0x0000000085108660,0x0000000088300000)
 Metaspace       used 91751K, capacity 96656K, committed 96808K, reserved 1132544K
  class space    used 12124K, capacity 13041K, committed 13104K, reserved 1048576K
}
Event: 483.529 GC heap before
{Heap before GC invocations=21 (full 3):
 PSYoungGen      total 244224K, used 119841K [0x00000000d5580000, 0x00000000e8e00000, 0x0000000100000000)
  eden space 220672K, 43% used [0x00000000d5580000,0x00000000db38c298,0x00000000e2d00000)
  from space 23552K, 99% used [0x00000000e2d00000,0x00000000e43fc1f0,0x00000000e4400000)
  to   space 37376K, 0% used [0x00000000e6980000,0x00000000e6980000,0x00000000e8e00000)
 ParOldGen       total 134144K, used 82977K [0x0000000080000000, 0x0000000088300000, 0x00000000d5580000)
  object space 134144K, 61% used [0x0000000080000000,0x0000000085108660,0x0000000088300000)
 Metaspace       used 93470K, capacity 98502K, committed 98600K, reserved 1134592K
  class space    used 12355K, capacity 13312K, committed 13360K, reserved 1048576K
Event: 483.561 GC heap after
Heap after GC invocations=21 (full 3):
 PSYoungGen      total 272384K, used 19781K [0x00000000d5580000, 0x00000000e8880000, 0x0000000100000000)
  eden space 240640K, 0% used [0x00000000d5580000,0x00000000d5580000,0x00000000e4080000)
  from space 31744K, 62% used [0x00000000e6980000,0x00000000e7cd14d0,0x00000000e8880000)
  to   space 36864K, 0% used [0x00000000e4080000,0x00000000e4080000,0x00000000e6480000)
 ParOldGen       total 134144K, used 90937K [0x0000000080000000, 0x0000000088300000, 0x00000000d5580000)
  object space 134144K, 67% used [0x0000000080000000,0x00000000858ce6a0,0x0000000088300000)
 Metaspace       used 93470K, capacity 98502K, committed 98600K, reserved 1134592K
  class space    used 12355K, capacity 13312K, committed 13360K, reserved 1048576K
}
Event: 483.561 GC heap before
{Heap before GC invocations=22 (full 4):
 PSYoungGen      total 272384K, used 19781K [0x00000000d5580000, 0x00000000e8880000, 0x0000000100000000)
  eden space 240640K, 0% used [0x00000000d5580000,0x00000000d5580000,0x00000000e4080000)
  from space 31744K, 62% used [0x00000000e6980000,0x00000000e7cd14d0,0x00000000e8880000)
  to   space 36864K, 0% used [0x00000000e4080000,0x00000000e4080000,0x00000000e6480000)
 ParOldGen       total 134144K, used 90937K [0x0000000080000000, 0x0000000088300000, 0x00000000d5580000)
  object space 134144K, 67% used [0x0000000080000000,0x00000000858ce6a0,0x0000000088300000)
 Metaspace       used 93470K, capacity 98502K, committed 98600K, reserved 1134592K
  class space    used 12355K, capacity 13312K, committed 13360K, reserved 1048576K
Event: 483.738 GC heap after
Heap after GC invocations=22 (full 4):
 PSYoungGen      total 272384K, used 0K [0x00000000d5580000, 0x00000000e8880000, 0x0000000100000000)
  eden space 240640K, 0% used [0x00000000d5580000,0x00000000d5580000,0x00000000e4080000)
  from space 31744K, 0% used [0x00000000e6980000,0x00000000e6980000,0x00000000e8880000)
  to   space 36864K, 0% used [0x00000000e4080000,0x00000000e4080000,0x00000000e6480000)
 ParOldGen       total 216064K, used 57730K [0x0000000080000000, 0x000000008d300000, 0x00000000d5580000)
  object space 216064K, 26% used [0x0000000080000000,0x0000000083860958,0x000000008d300000)
 Metaspace       used 93156K, capacity 97612K, committed 98600K, reserved 1134592K
  class space    used 12251K, capacity 13129K, committed 13360K, reserved 1048576K
}

