# JRE version: OpenJDK Runtime Environment (8.0_242-b01) (build 1.8.0_242-release-1644-b01)
# Java VM: OpenJDK 64-Bit Server VM (25.242-b01 mixed mode windows-amd64 compressed oops)
Heap:
 PSYoungGen      total 271872K, used 120534K [0x00000000d5580000, 0x00000000ea280000, 0x0000000100000000)
  eden space 219648K, 33% used [0x00000000d5580000,0x00000000d9e5f408,0x00000000e2c00000)
  from space 52224K, 87% used [0x00000000e6500000,0x00000000e91d66b8,0x00000000e9800000)
  to   space 58368K, 0% used [0x00000000e2c00000,0x00000000e2c00000,0x00000000e6500000)
 ParOldGen       total 138752K, used 104778K [0x0000000080000000, 0x0000000088780000, 0x00000000d5580000)
  object space 138752K, 75% used [0x0000000080000000,0x0000000086652878,0x0000000088780000)
 Metaspace       used 88853K, capacity 93502K, committed 93736K, reserved 1130496K
  class space    used 11865K, capacity 12772K, committed 12848K, reserved 1048576K
GC Heap History (10 events):
Event: 202.752 GC heap before
{Heap before GC invocations=17 (full 3):
 PSYoungGen      total 174080K, used 169799K [0x00000000d5580000, 0x00000000e3280000, 0x0000000100000000)
  eden space 156160K, 100% used [0x00000000d5580000,0x00000000dee00000,0x00000000dee00000)
  from space 17920K, 76% used [0x00000000dee00000,0x00000000dfb51db0,0x00000000dff80000)
  to   space 18944K, 0% used [0x00000000e2000000,0x00000000e2000000,0x00000000e3280000)
 ParOldGen       total 138752K, used 30511K [0x0000000080000000, 0x0000000088780000, 0x00000000d5580000)
  object space 138752K, 21% used [0x0000000080000000,0x0000000081dcbe30,0x0000000088780000)
 Metaspace       used 70234K, capacity 73362K, committed 73640K, reserved 1112064K
  class space    used 9437K, capacity 10062K, committed 10160K, reserved 1048576K
Event: 202.783 GC heap after
Heap after GC invocations=17 (full 3):
 PSYoungGen      total 201728K, used 18940K [0x00000000d5580000, 0x00000000e3700000, 0x0000000100000000)
  eden space 182784K, 0% used [0x00000000d5580000,0x00000000d5580000,0x00000000e0800000)
  from space 18944K, 99% used [0x00000000e2000000,0x00000000e327f050,0x00000000e3280000)
  to   space 24064K, 0% used [0x00000000e0800000,0x00000000e0800000,0x00000000e1f80000)
 ParOldGen       total 138752K, used 37330K [0x0000000080000000, 0x0000000088780000, 0x00000000d5580000)
  object space 138752K, 26% used [0x0000000080000000,0x0000000082474bd0,0x0000000088780000)
 Metaspace       used 70234K, capacity 73362K, committed 73640K, reserved 1112064K
  class space    used 9437K, capacity 10062K, committed 10160K, reserved 1048576K
}
Event: 206.008 GC heap before
{Heap before GC invocations=18 (full 3):
 PSYoungGen      total 201728K, used 201724K [0x00000000d5580000, 0x00000000e3700000, 0x0000000100000000)
  eden space 182784K, 100% used [0x00000000d5580000,0x00000000e0800000,0x00000000e0800000)
  from space 18944K, 99% used [0x00000000e2000000,0x00000000e327f050,0x00000000e3280000)
  to   space 24064K, 0% used [0x00000000e0800000,0x00000000e0800000,0x00000000e1f80000)
 ParOldGen       total 138752K, used 37330K [0x0000000080000000, 0x0000000088780000, 0x00000000d5580000)
  object space 138752K, 26% used [0x0000000080000000,0x0000000082474bd0,0x0000000088780000)
 Metaspace       used 84798K, capacity 88824K, committed 89128K, reserved 1126400K
  class space    used 11435K, capacity 12255K, committed 12336K, reserved 1048576K
Event: 206.058 GC heap after
Heap after GC invocations=18 (full 3):
 PSYoungGen      total 206848K, used 24053K [0x00000000d5580000, 0x00000000e6b00000, 0x0000000100000000)
  eden space 182784K, 0% used [0x00000000d5580000,0x00000000d5580000,0x00000000e0800000)
  from space 24064K, 99% used [0x00000000e0800000,0x00000000e1f7d7a0,0x00000000e1f80000)
  to   space 35328K, 0% used [0x00000000e4880000,0x00000000e4880000,0x00000000e6b00000)
 ParOldGen       total 138752K, used 58303K [0x0000000080000000, 0x0000000088780000, 0x00000000d5580000)
  object space 138752K, 42% used [0x0000000080000000,0x00000000838efc58,0x0000000088780000)
 Metaspace       used 84798K, capacity 88824K, committed 89128K, reserved 1126400K
  class space    used 11435K, capacity 12255K, committed 12336K, reserved 1048576K
}
Event: 243.932 GC heap before
{Heap before GC invocations=19 (full 3):
 PSYoungGen      total 206848K, used 206837K [0x00000000d5580000, 0x00000000e6b00000, 0x0000000100000000)
  eden space 182784K, 100% used [0x00000000d5580000,0x00000000e0800000,0x00000000e0800000)
  from space 24064K, 99% used [0x00000000e0800000,0x00000000e1f7d7a0,0x00000000e1f80000)
  to   space 35328K, 0% used [0x00000000e4880000,0x00000000e4880000,0x00000000e6b00000)
 ParOldGen       total 138752K, used 58303K [0x0000000080000000, 0x0000000088780000, 0x00000000d5580000)
  object space 138752K, 42% used [0x0000000080000000,0x00000000838efc58,0x0000000088780000)
 Metaspace       used 87726K, capacity 92092K, committed 92328K, reserved 1128448K
  class space    used 11804K, capacity 12669K, committed 12720K, reserved 1048576K
Event: 243.989 GC heap after
Heap after GC invocations=19 (full 3):
 PSYoungGen      total 243712K, used 31178K [0x00000000d5580000, 0x00000000e6e00000, 0x0000000100000000)
  eden space 208384K, 0% used [0x00000000d5580000,0x00000000d5580000,0x00000000e2100000)
  from space 35328K, 88% used [0x00000000e4880000,0x00000000e66f29f0,0x00000000e6b00000)
  to   space 39424K, 0% used [0x00000000e2100000,0x00000000e2100000,0x00000000e4780000)
 ParOldGen       total 138752K, used 72050K [0x0000000080000000, 0x0000000088780000, 0x00000000d5580000)
  object space 138752K, 51% used [0x0000000080000000,0x000000008465c820,0x0000000088780000)
 Metaspace       used 87726K, capacity 92092K, committed 92328K, reserved 1128448K
  class space    used 11804K, capacity 12669K, committed 12720K, reserved 1048576K
}
Event: 265.602 GC heap before
{Heap before GC invocations=20 (full 3):
 PSYoungGen      total 243712K, used 239562K [0x00000000d5580000, 0x00000000e6e00000, 0x0000000100000000)
  eden space 208384K, 100% used [0x00000000d5580000,0x00000000e2100000,0x00000000e2100000)
  from space 35328K, 88% used [0x00000000e4880000,0x00000000e66f29f0,0x00000000e6b00000)
  to   space 39424K, 0% used [0x00000000e2100000,0x00000000e2100000,0x00000000e4780000)
 ParOldGen       total 138752K, used 72050K [0x0000000080000000, 0x0000000088780000, 0x00000000d5580000)
  object space 138752K, 51% used [0x0000000080000000,0x000000008465c820,0x0000000088780000)
 Metaspace       used 88491K, capacity 93170K, committed 93480K, reserved 1130496K
  class space    used 11856K, capacity 12760K, committed 12848K, reserved 1048576K
Event: 265.715 GC heap after
Heap after GC invocations=20 (full 3):
 PSYoungGen      total 247808K, used 39412K [0x00000000d5580000, 0x00000000e9800000, 0x0000000100000000)
  eden space 208384K, 0% used [0x00000000d5580000,0x00000000d5580000,0x00000000e2100000)
  from space 39424K, 99% used [0x00000000e2100000,0x00000000e477d050,0x00000000e4780000)
  to   space 52224K, 0% used [0x00000000e6500000,0x00000000e6500000,0x00000000e9800000)
 ParOldGen       total 138752K, used 89514K [0x0000000080000000, 0x0000000088780000, 0x00000000d5580000)
  object space 138752K, 64% used [0x0000000080000000,0x000000008576abf8,0x0000000088780000)
 Metaspace       used 88491K, capacity 93170K, committed 93480K, reserved 1130496K
  class space    used 11856K, capacity 12760K, committed 12848K, reserved 1048576K
}
Event: 283.062 GC heap before
{Heap before GC invocations=21 (full 3):
 PSYoungGen      total 247808K, used 247796K [0x00000000d5580000, 0x00000000e9800000, 0x0000000100000000)
  eden space 208384K, 100% used [0x00000000d5580000,0x00000000e2100000,0x00000000e2100000)
  from space 39424K, 99% used [0x00000000e2100000,0x00000000e477d050,0x00000000e4780000)
  to   space 52224K, 0% used [0x00000000e6500000,0x00000000e6500000,0x00000000e9800000)
 ParOldGen       total 138752K, used 89514K [0x0000000080000000, 0x0000000088780000, 0x00000000d5580000)
  object space 138752K, 64% used [0x0000000080000000,0x000000008576abf8,0x0000000088780000)
 Metaspace       used 88824K, capacity 93502K, committed 93736K, reserved 1130496K
  class space    used 11865K, capacity 12772K, committed 12848K, reserved 1048576K
Event: 283.164 GC heap after
Heap after GC invocations=21 (full 3):
 PSYoungGen      total 271872K, used 45913K [0x00000000d5580000, 0x00000000ea280000, 0x0000000100000000)
  eden space 219648K, 0% used [0x00000000d5580000,0x00000000d5580000,0x00000000e2c00000)
  from space 52224K, 87% used [0x00000000e6500000,0x00000000e91d66b8,0x00000000e9800000)
  to   space 58368K, 0% used [0x00000000e2c00000,0x00000000e2c00000,0x00000000e6500000)
 ParOldGen       total 138752K, used 104778K [0x0000000080000000, 0x0000000088780000, 0x00000000d5580000)
  object space 138752K, 75% used [0x0000000080000000,0x0000000086652878,0x0000000088780000)
 Metaspace       used 88824K, capacity 93502K, committed 93736K, reserved 1130496K
  class space    used 11865K, capacity 12772K, committed 12848K, reserved 1048576K
}

